<?xml version="1.0" encoding="UTF-8"?>
<testsuite xmlns:xsi="http://www.w3.org/2001/XMLSchema-instance" xsi:noNamespaceSchemaLocation="https://maven.apache.org/surefire/maven-surefire-plugin/xsd/surefire-test-report.xsd" version="3.0.2" name="com.example.demo.HelloWorldTestApplicationTests" time="3.413" tests="1" errors="0" skipped="0" failures="0" flakes="0">
  <properties>
[...]
</properties>
  <testcase name="contextLoads" classname="com.example.demo.HelloWorldTestApplicationTests" time="0.97">
    <system-out><![CDATA[13:18:18.874 [main] INFO org.springframework.test.context.support.AnnotationConfigContextLoaderUtils -- Could not detect default configuration classes for test class [com.example.demo.HelloWorldTestApplicationTests]: HelloWorldTestApplicationTests does not declare any static, non-private, non-final, nested classes annotated with @Configuration.
13:18:18.985 [main] INFO org.springframework.boot.test.context.SpringBootTestContextBootstrapper -- Found @SpringBootConfiguration com.example.demo.HelloWorldTestApplication for test class com.example.demo.HelloWorldTestApplicationTests
13:18:19.064 [main] INFO org.springframework.test.context.support.AnnotationConfigContextLoaderUtils -- Could not detect default configuration classes for test class [com.example.demo.HelloWorldTestApplicationTests]: HelloWorldTestApplicationTests does not declare any static, non-private, non-final, nested classes annotated with @Configuration.
13:18:19.068 [main] INFO org.springframework.boot.test.context.SpringBootTestContextBootstrapper -- Found @SpringBootConfiguration com.example.demo.HelloWorldTestApplication for test class com.example.demo.HelloWorldTestApplicationTests
13:18:19.156 [main] INFO org.springframework.boot.devtools.restart.RestartApplicationListener -- Restart disabled due to context in which it is running

  .   ____          _            __ _ _
 /\\ / ___'_ __ _ _(_)_ __  __ _ \ \ \ \
( ( )\___ | '_ | '_| | '_ \/ _` | \ \ \ \
 \\/  ___)| |_)| | | | | || (_| |  ) ) ) )
  '  |____| .__|_| |_|_| |_\__, | / / / /
 =========|_|==============|___/=/_/_/_/

 :: Spring Boot ::                (v4.0.6)

2026-06-10T13:18:19.556+06:30  INFO 5705 --- [HelloWorldTest] [           main] c.e.demo.HelloWorldTestApplicationTests  : Starting HelloWorldTestApplicationTests using Java 21.0.10 with PID 5705 (started by macbookair in /Users/macbookair/eclipseSem4/HelloWorldTest)
2026-06-10T13:18:19.559+06:30  INFO 5705 --- [HelloWorldTest] [           main] c.e.demo.HelloWorldTestApplicationTests  : No active profile set, falling back to 1 default profile: "default"
2026-06-10T13:18:21.094+06:30  INFO 5705 --- [HelloWorldTest] [           main] c.e.demo.HelloWorldTestApplicationTests  : Started HelloWorldTestApplicationTests in 1.96 seconds (process running for 3.337)
]]></system-out>
    <system-err><![CDATA[Mockito is currently self-attaching to enable the inline-mock-maker. This will no longer work in future releases of the JDK. Please add Mockito as an agent to your build as described in Mockito's documentation: https://javadoc.io/doc/org.mockito/mockito-core/latest/org.mockito/org/mockito/Mockito.html#0.3
WARNING: A Java agent has been loaded dynamically (/Users/macbookair/.m2/repository/net/bytebuddy/byte-buddy-agent/1.17.8/byte-buddy-agent-1.17.8.jar)
WARNING: If a serviceability tool is in use, please run with -XX:+EnableDynamicAgentLoading to hide this warning
WARNING: If a serviceability tool is not in use, please run with -Djdk.instrument.traceUsage for more information
WARNING: Dynamic loading of agents will be disallowed by default in a future release
]]></system-err>
  </testcase>
</testsuite>